-------------------------------------------------------------------------------
Test set: lesson1.Lesson1Test
-------------------------------------------------------------------------------
Tests run: 2, Failures: 0, Errors: 2, Skipped: 0, Time elapsed: 0.468 s <<< FAILURE! - in lesson1.Lesson1Test
testConcatenation(lesson1.Lesson1Test)  Time elapsed: 0.234 s  <<< ERROR!
java.lang.NoSuchMethodError: concatenator
	at lesson1.Lesson1Test.testConcatenation(Lesson1Test.java:21)

testUpperCaser(lesson1.Lesson1Test)  Time elapsed: 0 s  <<< ERROR!
java.lang.NoSuchMethodError: upperCaser
	at lesson1.Lesson1Test.testUpperCaser(Lesson1Test.java:13)

