-------------------------------------------------------------------------------
Test set: lesson2.Lesson2Test
-------------------------------------------------------------------------------
Tests run: 2, Failures: 0, Errors: 2, Skipped: 0, Time elapsed: 0 s <<< FAILURE! - in lesson2.Lesson2Test
testConcat(lesson2.Lesson2Test)  Time elapsed: 0 s  <<< ERROR!
java.lang.NoSuchMethodError: replicateConcat
	at lesson2.Lesson2Test.testConcat(Lesson2Test.java:17)

testRepeat(lesson2.Lesson2Test)  Time elapsed: 0 s  <<< ERROR!
java.lang.NoSuchMethodError: repeat
	at lesson2.Lesson2Test.testRepeat(Lesson2Test.java:24)

