-------------------------------------------------------------------------------
Test set: lesson5.Lesson5Test
-------------------------------------------------------------------------------
Tests run: 2, Failures: 0, Errors: 2, Skipped: 0, Time elapsed: 0 s <<< FAILURE! - in lesson5.Lesson5Test
testRecursiveFilter(lesson5.Lesson5Test)  Time elapsed: 0 s  <<< ERROR!
java.lang.NoSuchMethodError: filterRecursive
	at lesson5.Lesson5Test.testRecursiveFilter(Lesson5Test.java:26)

testRecursiveMap(lesson5.Lesson5Test)  Time elapsed: 0 s  <<< ERROR!
java.lang.NoSuchMethodError: mapRecursive
	at lesson5.Lesson5Test.testRecursiveMap(Lesson5Test.java:17)

